{"D:\\order_management\\frontend\\src\\App.js": {"path":"D:\\order_management\\frontend\\src\\App.js","statementMap":{"0":{"start":{"line":7,"column":2},"end":{"line":14,"column":4}}},"fnMap":{"0":{"name":"App","decl":{"start":{"line":6,"column":9},"end":{"line":6,"column":12}},"loc":{"start":{"line":6,"column":15},"end":{"line":15,"column":1}},"line":6}},"branchMap":{},"s":{"0":0},"f":{"0":0},"b":{}}
,"D:\\order_management\\frontend\\src\\index.js": {"path":"D:\\order_management\\frontend\\src\\index.js","statementMap":{"0":{"start":{"line":5,"column":16},"end":{"line":5,"column":68}},"1":{"start":{"line":6,"column":0},"end":{"line":10,"column":2}}},"fnMap":{},"branchMap":{},"s":{"0":0,"1":0},"f":{},"b":{}}
,"D:\\order_management\\frontend\\src\\components\\OrderForm.js": {"path":"D:\\order_management\\frontend\\src\\components\\OrderForm.js","statementMap":{"0":{"start":{"line":3,"column":19},"end":{"line":167,"column":1}},"1":{"start":{"line":4,"column":34},"end":{"line":13,"column":4}},"2":{"start":{"line":15,"column":23},"end":{"line":39,"column":3}},"3":{"start":{"line":16,"column":28},"end":{"line":16,"column":36}},"4":{"start":{"line":18,"column":4},"end":{"line":38,"column":5}},"5":{"start":{"line":19,"column":30},"end":{"line":19,"column":74}},"6":{"start":{"line":19,"column":49},"end":{"line":19,"column":73}},"7":{"start":{"line":20,"column":6},"end":{"line":24,"column":10}},"8":{"start":{"line":20,"column":27},"end":{"line":24,"column":7}},"9":{"start":{"line":25,"column":11},"end":{"line":38,"column":5}},"10":{"start":{"line":26,"column":18},"end":{"line":26,"column":38}},"11":{"start":{"line":27,"column":30},"end":{"line":27,"column":78}},"12":{"start":{"line":27,"column":49},"end":{"line":27,"column":77}},"13":{"start":{"line":28,"column":6},"end":{"line":32,"column":10}},"14":{"start":{"line":28,"column":27},"end":{"line":32,"column":7}},"15":{"start":{"line":34,"column":6},"end":{"line":37,"column":10}},"16":{"start":{"line":34,"column":27},"end":{"line":37,"column":7}},"17":{"start":{"line":41,"column":23},"end":{"line":44,"column":3}},"18":{"start":{"line":42,"column":4},"end":{"line":42,"column":23}},"19":{"start":{"line":43,"column":4},"end":{"line":43,"column":23}},"20":{"start":{"line":46,"column":2},"end":{"line":166,"column":4}},"21":{"start":{"line":64,"column":14},"end":{"line":66,"column":23}}},"fnMap":{"0":{"name":"(anonymous_0)","decl":{"start":{"line":3,"column":19},"end":{"line":3,"column":20}},"loc":{"start":{"line":3,"column":64},"end":{"line":167,"column":1}},"line":3},"1":{"name":"(anonymous_1)","decl":{"start":{"line":15,"column":23},"end":{"line":15,"column":24}},"loc":{"start":{"line":15,"column":30},"end":{"line":39,"column":3}},"line":15},"2":{"name":"(anonymous_2)","decl":{"start":{"line":19,"column":44},"end":{"line":19,"column":45}},"loc":{"start":{"line":19,"column":49},"end":{"line":19,"column":73}},"line":19},"3":{"name":"(anonymous_3)","decl":{"start":{"line":20,"column":18},"end":{"line":20,"column":19}},"loc":{"start":{"line":20,"column":27},"end":{"line":24,"column":7}},"line":20},"4":{"name":"(anonymous_4)","decl":{"start":{"line":27,"column":44},"end":{"line":27,"column":45}},"loc":{"start":{"line":27,"column":49},"end":{"line":27,"column":77}},"line":27},"5":{"name":"(anonymous_5)","decl":{"start":{"line":28,"column":18},"end":{"line":28,"column":19}},"loc":{"start":{"line":28,"column":27},"end":{"line":32,"column":7}},"line":28},"6":{"name":"(anonymous_6)","decl":{"start":{"line":34,"column":18},"end":{"line":34,"column":19}},"loc":{"start":{"line":34,"column":27},"end":{"line":37,"column":7}},"line":34},"7":{"name":"(anonymous_7)","decl":{"start":{"line":41,"column":23},"end":{"line":41,"column":24}},"loc":{"start":{"line":41,"column":30},"end":{"line":44,"column":3}},"line":41},"8":{"name":"(anonymous_8)","decl":{"start":{"line":63,"column":26},"end":{"line":63,"column":27}},"loc":{"start":{"line":64,"column":14},"end":{"line":66,"column":23}},"line":64}},"branchMap":{"0":{"loc":{"start":{"line":4,"column":43},"end":{"line":13,"column":3}},"type":"binary-expr","locations":[{"start":{"line":4,"column":43},"end":{"line":4,"column":48}},{"start":{"line":4,"column":52},"end":{"line":13,"column":3}}],"line":4},"1":{"loc":{"start":{"line":18,"column":4},"end":{"line":38,"column":5}},"type":"if","locations":[{"start":{"line":18,"column":4},"end":{"line":38,"column":5}},{"start":{"line":25,"column":11},"end":{"line":38,"column":5}}],"line":18},"2":{"loc":{"start":{"line":23,"column":20},"end":{"line":23,"column":100}},"type":"cond-expr","locations":[{"start":{"line":23,"column":38},"end":{"line":23,"column":95}},{"start":{"line":23,"column":98},"end":{"line":23,"column":100}}],"line":23},"3":{"loc":{"start":{"line":23,"column":64},"end":{"line":23,"column":82}},"type":"binary-expr","locations":[{"start":{"line":23,"column":64},"end":{"line":23,"column":77}},{"start":{"line":23,"column":81},"end":{"line":23,"column":82}}],"line":23},"4":{"loc":{"start":{"line":25,"column":11},"end":{"line":38,"column":5}},"type":"if","locations":[{"start":{"line":25,"column":11},"end":{"line":38,"column":5}},{"start":{"line":33,"column":11},"end":{"line":38,"column":5}}],"line":25},"5":{"loc":{"start":{"line":26,"column":18},"end":{"line":26,"column":38}},"type":"binary-expr","locations":[{"start":{"line":26,"column":18},"end":{"line":26,"column":33}},{"start":{"line":26,"column":37},"end":{"line":26,"column":38}}],"line":26},"6":{"loc":{"start":{"line":31,"column":20},"end":{"line":31,"column":83}},"type":"cond-expr","locations":[{"start":{"line":31,"column":38},"end":{"line":31,"column":78}},{"start":{"line":31,"column":81},"end":{"line":31,"column":83}}],"line":31},"7":{"loc":{"start":{"line":49,"column":9},"end":{"line":49,"column":50}},"type":"cond-expr","locations":[{"start":{"line":49,"column":17},"end":{"line":49,"column":29}},{"start":{"line":49,"column":32},"end":{"line":49,"column":50}}],"line":49},"8":{"loc":{"start":{"line":57,"column":19},"end":{"line":57,"column":44}},"type":"binary-expr","locations":[{"start":{"line":57,"column":19},"end":{"line":57,"column":38}},{"start":{"line":57,"column":42},"end":{"line":57,"column":44}}],"line":57},"9":{"loc":{"start":{"line":154,"column":13},"end":{"line":154,"column":52}},"type":"cond-expr","locations":[{"start":{"line":154,"column":21},"end":{"line":154,"column":35}},{"start":{"line":154,"column":38},"end":{"line":154,"column":52}}],"line":154}},"s":{"0":0,"1":0,"2":0,"3":0,"4":0,"5":0,"6":0,"7":0,"8":0,"9":0,"10":0,"11":0,"12":0,"13":0,"14":0,"15":0,"16":0,"17":0,"18":0,"19":0,"20":0,"21":0},"f":{"0":0,"1":0,"2":0,"3":0,"4":0,"5":0,"6":0,"7":0,"8":0},"b":{"0":[0,0],"1":[0,0],"2":[0,0],"3":[0,0],"4":[0,0],"5":[0,0],"6":[0,0],"7":[0,0],"8":[0,0],"9":[0,0]}}
,"D:\\order_management\\frontend\\src\\components\\OrderList.js": {"path":"D:\\order_management\\frontend\\src\\components\\OrderList.js","statementMap":{"0":{"start":{"line":5,"column":18},"end":{"line":180,"column":1}},"1":{"start":{"line":6,"column":30},"end":{"line":6,"column":42}},"2":{"start":{"line":7,"column":34},"end":{"line":7,"column":46}},"3":{"start":{"line":8,"column":32},"end":{"line":8,"column":47}},"4":{"start":{"line":9,"column":28},"end":{"line":9,"column":40}},"5":{"start":{"line":10,"column":34},"end":{"line":10,"column":49}},"6":{"start":{"line":11,"column":42},"end":{"line":11,"column":56}},"7":{"start":{"line":12,"column":46},"end":{"line":12,"column":58}},"8":{"start":{"line":14,"column":2},"end":{"line":17,"column":9}},"9":{"start":{"line":15,"column":4},"end":{"line":15,"column":18}},"10":{"start":{"line":16,"column":4},"end":{"line":16,"column":20}},"11":{"start":{"line":19,"column":22},"end":{"line":30,"column":3}},"12":{"start":{"line":20,"column":4},"end":{"line":20,"column":21}},"13":{"start":{"line":21,"column":4},"end":{"line":29,"column":5}},"14":{"start":{"line":22,"column":23},"end":{"line":22,"column":40}},"15":{"start":{"line":23,"column":6},"end":{"line":23,"column":31}},"16":{"start":{"line":24,"column":6},"end":{"line":24,"column":19}},"17":{"start":{"line":26,"column":6},"end":{"line":26,"column":40}},"18":{"start":{"line":28,"column":6},"end":{"line":28,"column":24}},"19":{"start":{"line":32,"column":24},"end":{"line":39,"column":3}},"20":{"start":{"line":33,"column":4},"end":{"line":38,"column":5}},"21":{"start":{"line":34,"column":23},"end":{"line":34,"column":42}},"22":{"start":{"line":35,"column":6},"end":{"line":35,"column":33}},"23":{"start":{"line":37,"column":6},"end":{"line":37,"column":47}},"24":{"start":{"line":41,"column":25},"end":{"line":51,"column":3}},"25":{"start":{"line":42,"column":4},"end":{"line":50,"column":5}},"26":{"start":{"line":43,"column":6},"end":{"line":43,"column":35}},"27":{"start":{"line":44,"column":6},"end":{"line":44,"column":54}},"28":{"start":{"line":45,"column":6},"end":{"line":45,"column":25}},"29":{"start":{"line":46,"column":6},"end":{"line":46,"column":20}},"30":{"start":{"line":47,"column":6},"end":{"line":47,"column":52}},"31":{"start":{"line":47,"column":23},"end":{"line":47,"column":44}},"32":{"start":{"line":49,"column":6},"end":{"line":49,"column":41}},"33":{"start":{"line":53,"column":28},"end":{"line":63,"column":3}},"34":{"start":{"line":54,"column":4},"end":{"line":62,"column":5}},"35":{"start":{"line":55,"column":6},"end":{"line":55,"column":39}},"36":{"start":{"line":56,"column":6},"end":{"line":56,"column":54}},"37":{"start":{"line":57,"column":6},"end":{"line":57,"column":28}},"38":{"start":{"line":58,"column":6},"end":{"line":58,"column":20}},"39":{"start":{"line":59,"column":6},"end":{"line":59,"column":52}},"40":{"start":{"line":59,"column":23},"end":{"line":59,"column":44}},"41":{"start":{"line":61,"column":6},"end":{"line":61,"column":41}},"42":{"start":{"line":65,"column":28},"end":{"line":76,"column":3}},"43":{"start":{"line":66,"column":4},"end":{"line":75,"column":5}},"44":{"start":{"line":67,"column":6},"end":{"line":74,"column":7}},"45":{"start":{"line":68,"column":8},"end":{"line":68,"column":30}},"46":{"start":{"line":69,"column":8},"end":{"line":69,"column":56}},"47":{"start":{"line":70,"column":8},"end":{"line":70,"column":22}},"48":{"start":{"line":71,"column":8},"end":{"line":71,"column":54}},"49":{"start":{"line":71,"column":25},"end":{"line":71,"column":46}},"50":{"start":{"line":73,"column":8},"end":{"line":73,"column":43}},"51":{"start":{"line":78,"column":25},"end":{"line":81,"column":3}},"52":{"start":{"line":79,"column":20},"end":{"line":79,"column":58}},"53":{"start":{"line":79,"column":39},"end":{"line":79,"column":57}},"54":{"start":{"line":80,"column":4},"end":{"line":80,"column":46}},"55":{"start":{"line":83,"column":2},"end":{"line":179,"column":4}},"56":{"start":{"line":89,"column":12},"end":{"line":89,"column":35}},"57":{"start":{"line":90,"column":12},"end":{"line":90,"column":34}},"58":{"start":{"line":115,"column":47},"end":{"line":115,"column":87}},"59":{"start":{"line":117,"column":14},"end":{"line":117,"column":33}},"60":{"start":{"line":118,"column":14},"end":{"line":118,"column":36}},"61":{"start":{"line":142,"column":16},"end":{"line":172,"column":21}},"62":{"start":{"line":160,"column":37},"end":{"line":160,"column":59}},"63":{"start":{"line":166,"column":37},"end":{"line":166,"column":64}}},"fnMap":{"0":{"name":"(anonymous_0)","decl":{"start":{"line":5,"column":18},"end":{"line":5,"column":19}},"loc":{"start":{"line":5,"column":24},"end":{"line":180,"column":1}},"line":5},"1":{"name":"(anonymous_1)","decl":{"start":{"line":14,"column":12},"end":{"line":14,"column":13}},"loc":{"start":{"line":14,"column":18},"end":{"line":17,"column":3}},"line":14},"2":{"name":"(anonymous_2)","decl":{"start":{"line":19,"column":22},"end":{"line":19,"column":23}},"loc":{"start":{"line":19,"column":34},"end":{"line":30,"column":3}},"line":19},"3":{"name":"(anonymous_3)","decl":{"start":{"line":32,"column":24},"end":{"line":32,"column":25}},"loc":{"start":{"line":32,"column":36},"end":{"line":39,"column":3}},"line":32},"4":{"name":"(anonymous_4)","decl":{"start":{"line":41,"column":25},"end":{"line":41,"column":26}},"loc":{"start":{"line":41,"column":46},"end":{"line":51,"column":3}},"line":41},"5":{"name":"(anonymous_5)","decl":{"start":{"line":47,"column":17},"end":{"line":47,"column":18}},"loc":{"start":{"line":47,"column":23},"end":{"line":47,"column":44}},"line":47},"6":{"name":"(anonymous_6)","decl":{"start":{"line":53,"column":28},"end":{"line":53,"column":29}},"loc":{"start":{"line":53,"column":53},"end":{"line":63,"column":3}},"line":53},"7":{"name":"(anonymous_7)","decl":{"start":{"line":59,"column":17},"end":{"line":59,"column":18}},"loc":{"start":{"line":59,"column":23},"end":{"line":59,"column":44}},"line":59},"8":{"name":"(anonymous_8)","decl":{"start":{"line":65,"column":28},"end":{"line":65,"column":29}},"loc":{"start":{"line":65,"column":42},"end":{"line":76,"column":3}},"line":65},"9":{"name":"(anonymous_9)","decl":{"start":{"line":71,"column":19},"end":{"line":71,"column":20}},"loc":{"start":{"line":71,"column":25},"end":{"line":71,"column":46}},"line":71},"10":{"name":"(anonymous_10)","decl":{"start":{"line":78,"column":25},"end":{"line":78,"column":26}},"loc":{"start":{"line":78,"column":40},"end":{"line":81,"column":3}},"line":78},"11":{"name":"(anonymous_11)","decl":{"start":{"line":79,"column":34},"end":{"line":79,"column":35}},"loc":{"start":{"line":79,"column":39},"end":{"line":79,"column":57}},"line":79},"12":{"name":"(anonymous_12)","decl":{"start":{"line":88,"column":19},"end":{"line":88,"column":20}},"loc":{"start":{"line":88,"column":25},"end":{"line":91,"column":11}},"line":88},"13":{"name":"(anonymous_13)","decl":{"start":{"line":115,"column":37},"end":{"line":115,"column":38}},"loc":{"start":{"line":115,"column":47},"end":{"line":115,"column":87}},"line":115},"14":{"name":"(anonymous_14)","decl":{"start":{"line":116,"column":22},"end":{"line":116,"column":23}},"loc":{"start":{"line":116,"column":28},"end":{"line":119,"column":13}},"line":116},"15":{"name":"(anonymous_15)","decl":{"start":{"line":141,"column":26},"end":{"line":141,"column":27}},"loc":{"start":{"line":142,"column":16},"end":{"line":172,"column":21}},"line":142},"16":{"name":"(anonymous_16)","decl":{"start":{"line":160,"column":31},"end":{"line":160,"column":32}},"loc":{"start":{"line":160,"column":37},"end":{"line":160,"column":59}},"line":160},"17":{"name":"(anonymous_17)","decl":{"start":{"line":166,"column":31},"end":{"line":166,"column":32}},"loc":{"start":{"line":166,"column":37},"end":{"line":166,"column":64}},"line":166}},"branchMap":{"0":{"loc":{"start":{"line":66,"column":4},"end":{"line":75,"column":5}},"type":"if","locations":[{"start":{"line":66,"column":4},"end":{"line":75,"column":5}},{"start":{},"end":{}}],"line":66},"1":{"loc":{"start":{"line":80,"column":11},"end":{"line":80,"column":45}},"type":"cond-expr","locations":[{"start":{"line":80,"column":21},"end":{"line":80,"column":33}},{"start":{"line":80,"column":36},"end":{"line":80,"column":45}}],"line":80},"2":{"loc":{"start":{"line":98,"column":7},"end":{"line":102,"column":7}},"type":"binary-expr","locations":[{"start":{"line":98,"column":7},"end":{"line":98,"column":21}},{"start":{"line":99,"column":8},"end":{"line":101,"column":14}}],"line":98},"3":{"loc":{"start":{"line":104,"column":7},"end":{"line":108,"column":7}},"type":"binary-expr","locations":[{"start":{"line":104,"column":7},"end":{"line":104,"column":12}},{"start":{"line":105,"column":8},"end":{"line":107,"column":14}}],"line":104},"4":{"loc":{"start":{"line":110,"column":7},"end":{"line":122,"column":7}},"type":"binary-expr","locations":[{"start":{"line":110,"column":8},"end":{"line":110,"column":16}},{"start":{"line":110,"column":20},"end":{"line":110,"column":32}},{"start":{"line":111,"column":8},"end":{"line":121,"column":14}}],"line":110},"5":{"loc":{"start":{"line":115,"column":22},"end":{"line":115,"column":104}},"type":"cond-expr","locations":[{"start":{"line":115,"column":37},"end":{"line":115,"column":87}},{"start":{"line":115,"column":90},"end":{"line":115,"column":104}}],"line":115},"6":{"loc":{"start":{"line":124,"column":7},"end":{"line":177,"column":7}},"type":"cond-expr","locations":[{"start":{"line":125,"column":8},"end":{"line":125,"column":79}},{"start":{"line":127,"column":8},"end":{"line":176,"column":14}}],"line":124},"7":{"loc":{"start":{"line":149,"column":22},"end":{"line":152,"column":47}},"type":"cond-expr","locations":[{"start":{"line":149,"column":53},"end":{"line":149,"column":82}},{"start":{"line":150,"column":22},"end":{"line":152,"column":47}}],"line":149},"8":{"loc":{"start":{"line":150,"column":22},"end":{"line":152,"column":47}},"type":"cond-expr","locations":[{"start":{"line":150,"column":51},"end":{"line":150,"column":78}},{"start":{"line":151,"column":22},"end":{"line":152,"column":47}}],"line":150},"9":{"loc":{"start":{"line":151,"column":22},"end":{"line":152,"column":47}},"type":"cond-expr","locations":[{"start":{"line":151,"column":51},"end":{"line":151,"column":82}},{"start":{"line":152,"column":22},"end":{"line":152,"column":47}}],"line":151}},"s":{"0":0,"1":0,"2":0,"3":0,"4":0,"5":0,"6":0,"7":0,"8":0,"9":0,"10":0,"11":0,"12":0,"13":0,"14":0,"15":0,"16":0,"17":0,"18":0,"19":0,"20":0,"21":0,"22":0,"23":0,"24":0,"25":0,"26":0,"27":0,"28":0,"29":0,"30":0,"31":0,"32":0,"33":0,"34":0,"35":0,"36":0,"37":0,"38":0,"39":0,"40":0,"41":0,"42":0,"43":0,"44":0,"45":0,"46":0,"47":0,"48":0,"49":0,"50":0,"51":0,"52":0,"53":0,"54":0,"55":0,"56":0,"57":0,"58":0,"59":0,"60":0,"61":0,"62":0,"63":0},"f":{"0":0,"1":0,"2":0,"3":0,"4":0,"5":0,"6":0,"7":0,"8":0,"9":0,"10":0,"11":0,"12":0,"13":0,"14":0,"15":0,"16":0,"17":0},"b":{"0":[0,0],"1":[0,0],"2":[0,0],"3":[0,0],"4":[0,0,0],"5":[0,0],"6":[0,0],"7":[0,0],"8":[0,0],"9":[0,0]}}
,"D:\\order_management\\frontend\\src\\components\\ProductForm.js": {"path":"D:\\order_management\\frontend\\src\\components\\ProductForm.js","statementMap":{"0":{"start":{"line":3,"column":20},"end":{"line":127,"column":1}},"1":{"start":{"line":4,"column":34},"end":{"line":11,"column":4}},"2":{"start":{"line":13,"column":23},"end":{"line":19,"column":3}},"3":{"start":{"line":14,"column":28},"end":{"line":14,"column":36}},"4":{"start":{"line":15,"column":4},"end":{"line":18,"column":8}},"5":{"start":{"line":15,"column":25},"end":{"line":18,"column":5}},"6":{"start":{"line":21,"column":23},"end":{"line":24,"column":3}},"7":{"start":{"line":22,"column":4},"end":{"line":22,"column":23}},"8":{"start":{"line":23,"column":4},"end":{"line":23,"column":23}},"9":{"start":{"line":26,"column":2},"end":{"line":126,"column":4}}},"fnMap":{"0":{"name":"(anonymous_0)","decl":{"start":{"line":3,"column":20},"end":{"line":3,"column":21}},"loc":{"start":{"line":3,"column":57},"end":{"line":127,"column":1}},"line":3},"1":{"name":"(anonymous_1)","decl":{"start":{"line":13,"column":23},"end":{"line":13,"column":24}},"loc":{"start":{"line":13,"column":30},"end":{"line":19,"column":3}},"line":13},"2":{"name":"(anonymous_2)","decl":{"start":{"line":15,"column":16},"end":{"line":15,"column":17}},"loc":{"start":{"line":15,"column":25},"end":{"line":18,"column":5}},"line":15},"3":{"name":"(anonymous_3)","decl":{"start":{"line":21,"column":23},"end":{"line":21,"column":24}},"loc":{"start":{"line":21,"column":30},"end":{"line":24,"column":3}},"line":21}},"branchMap":{"0":{"loc":{"start":{"line":4,"column":43},"end":{"line":11,"column":3}},"type":"binary-expr","locations":[{"start":{"line":4,"column":43},"end":{"line":4,"column":50}},{"start":{"line":4,"column":54},"end":{"line":11,"column":3}}],"line":4},"1":{"loc":{"start":{"line":29,"column":9},"end":{"line":29,"column":53}},"type":"cond-expr","locations":[{"start":{"line":29,"column":19},"end":{"line":29,"column":33}},{"start":{"line":29,"column":36},"end":{"line":29,"column":53}}],"line":29},"2":{"loc":{"start":{"line":114,"column":13},"end":{"line":114,"column":55}},"type":"cond-expr","locations":[{"start":{"line":114,"column":23},"end":{"line":114,"column":39}},{"start":{"line":114,"column":42},"end":{"line":114,"column":55}}],"line":114}},"s":{"0":0,"1":0,"2":0,"3":0,"4":0,"5":0,"6":0,"7":0,"8":0,"9":0},"f":{"0":0,"1":0,"2":0,"3":0},"b":{"0":[0,0],"1":[0,0],"2":[0,0]}}
,"D:\\order_management\\frontend\\src\\components\\ProductList.js": {"path":"D:\\order_management\\frontend\\src\\components\\ProductList.js","statementMap":{"0":{"start":{"line":5,"column":20},"end":{"line":151,"column":1}},"1":{"start":{"line":6,"column":34},"end":{"line":6,"column":46}},"2":{"start":{"line":7,"column":32},"end":{"line":7,"column":47}},"3":{"start":{"line":8,"column":28},"end":{"line":8,"column":40}},"4":{"start":{"line":9,"column":34},"end":{"line":9,"column":49}},"5":{"start":{"line":10,"column":46},"end":{"line":10,"column":60}},"6":{"start":{"line":11,"column":46},"end":{"line":11,"column":58}},"7":{"start":{"line":13,"column":2},"end":{"line":15,"column":9}},"8":{"start":{"line":14,"column":4},"end":{"line":14,"column":20}},"9":{"start":{"line":17,"column":24},"end":{"line":29,"column":3}},"10":{"start":{"line":18,"column":4},"end":{"line":18,"column":21}},"11":{"start":{"line":19,"column":4},"end":{"line":28,"column":5}},"12":{"start":{"line":21,"column":23},"end":{"line":21,"column":42}},"13":{"start":{"line":22,"column":6},"end":{"line":22,"column":33}},"14":{"start":{"line":23,"column":6},"end":{"line":23,"column":19}},"15":{"start":{"line":25,"column":6},"end":{"line":25,"column":42}},"16":{"start":{"line":27,"column":6},"end":{"line":27,"column":24}},"17":{"start":{"line":31,"column":27},"end":{"line":41,"column":3}},"18":{"start":{"line":32,"column":4},"end":{"line":40,"column":5}},"19":{"start":{"line":33,"column":6},"end":{"line":33,"column":39}},"20":{"start":{"line":34,"column":6},"end":{"line":34,"column":54}},"21":{"start":{"line":35,"column":6},"end":{"line":35,"column":25}},"22":{"start":{"line":36,"column":6},"end":{"line":36,"column":22}},"23":{"start":{"line":37,"column":6},"end":{"line":37,"column":52}},"24":{"start":{"line":37,"column":23},"end":{"line":37,"column":44}},"25":{"start":{"line":39,"column":6},"end":{"line":39,"column":40}},"26":{"start":{"line":43,"column":28},"end":{"line":53,"column":3}},"27":{"start":{"line":44,"column":4},"end":{"line":52,"column":5}},"28":{"start":{"line":45,"column":6},"end":{"line":45,"column":43}},"29":{"start":{"line":46,"column":6},"end":{"line":46,"column":56}},"30":{"start":{"line":47,"column":6},"end":{"line":47,"column":30}},"31":{"start":{"line":48,"column":6},"end":{"line":48,"column":22}},"32":{"start":{"line":49,"column":6},"end":{"line":49,"column":52}},"33":{"start":{"line":49,"column":23},"end":{"line":49,"column":44}},"34":{"start":{"line":51,"column":6},"end":{"line":51,"column":43}},"35":{"start":{"line":55,"column":30},"end":{"line":66,"column":3}},"36":{"start":{"line":56,"column":4},"end":{"line":65,"column":5}},"37":{"start":{"line":57,"column":6},"end":{"line":64,"column":7}},"38":{"start":{"line":58,"column":8},"end":{"line":58,"column":32}},"39":{"start":{"line":59,"column":8},"end":{"line":59,"column":58}},"40":{"start":{"line":60,"column":8},"end":{"line":60,"column":24}},"41":{"start":{"line":61,"column":8},"end":{"line":61,"column":54}},"42":{"start":{"line":61,"column":25},"end":{"line":61,"column":46}},"43":{"start":{"line":63,"column":8},"end":{"line":63,"column":45}},"44":{"start":{"line":68,"column":2},"end":{"line":150,"column":4}},"45":{"start":{"line":74,"column":12},"end":{"line":74,"column":35}},"46":{"start":{"line":75,"column":12},"end":{"line":75,"column":36}},"47":{"start":{"line":98,"column":47},"end":{"line":98,"column":89}},"48":{"start":{"line":100,"column":12},"end":{"line":100,"column":31}},"49":{"start":{"line":101,"column":12},"end":{"line":101,"column":36}},"50":{"start":{"line":123,"column":16},"end":{"line":143,"column":21}},"51":{"start":{"line":131,"column":37},"end":{"line":131,"column":63}},"52":{"start":{"line":137,"column":37},"end":{"line":137,"column":68}}},"fnMap":{"0":{"name":"(anonymous_0)","decl":{"start":{"line":5,"column":20},"end":{"line":5,"column":21}},"loc":{"start":{"line":5,"column":26},"end":{"line":151,"column":1}},"line":5},"1":{"name":"(anonymous_1)","decl":{"start":{"line":13,"column":12},"end":{"line":13,"column":13}},"loc":{"start":{"line":13,"column":18},"end":{"line":15,"column":3}},"line":13},"2":{"name":"(anonymous_2)","decl":{"start":{"line":17,"column":24},"end":{"line":17,"column":25}},"loc":{"start":{"line":17,"column":36},"end":{"line":29,"column":3}},"line":17},"3":{"name":"(anonymous_3)","decl":{"start":{"line":31,"column":27},"end":{"line":31,"column":28}},"loc":{"start":{"line":31,"column":50},"end":{"line":41,"column":3}},"line":31},"4":{"name":"(anonymous_4)","decl":{"start":{"line":37,"column":17},"end":{"line":37,"column":18}},"loc":{"start":{"line":37,"column":23},"end":{"line":37,"column":44}},"line":37},"5":{"name":"(anonymous_5)","decl":{"start":{"line":43,"column":28},"end":{"line":43,"column":29}},"loc":{"start":{"line":43,"column":55},"end":{"line":53,"column":3}},"line":43},"6":{"name":"(anonymous_6)","decl":{"start":{"line":49,"column":17},"end":{"line":49,"column":18}},"loc":{"start":{"line":49,"column":23},"end":{"line":49,"column":44}},"line":49},"7":{"name":"(anonymous_7)","decl":{"start":{"line":55,"column":30},"end":{"line":55,"column":31}},"loc":{"start":{"line":55,"column":44},"end":{"line":66,"column":3}},"line":55},"8":{"name":"(anonymous_8)","decl":{"start":{"line":61,"column":19},"end":{"line":61,"column":20}},"loc":{"start":{"line":61,"column":25},"end":{"line":61,"column":46}},"line":61},"9":{"name":"(anonymous_9)","decl":{"start":{"line":73,"column":19},"end":{"line":73,"column":20}},"loc":{"start":{"line":73,"column":25},"end":{"line":76,"column":11}},"line":73},"10":{"name":"(anonymous_10)","decl":{"start":{"line":98,"column":37},"end":{"line":98,"column":38}},"loc":{"start":{"line":98,"column":47},"end":{"line":98,"column":89}},"line":98},"11":{"name":"(anonymous_11)","decl":{"start":{"line":99,"column":20},"end":{"line":99,"column":21}},"loc":{"start":{"line":99,"column":26},"end":{"line":102,"column":11}},"line":99},"12":{"name":"(anonymous_12)","decl":{"start":{"line":122,"column":28},"end":{"line":122,"column":29}},"loc":{"start":{"line":123,"column":16},"end":{"line":143,"column":21}},"line":123},"13":{"name":"(anonymous_13)","decl":{"start":{"line":131,"column":31},"end":{"line":131,"column":32}},"loc":{"start":{"line":131,"column":37},"end":{"line":131,"column":63}},"line":131},"14":{"name":"(anonymous_14)","decl":{"start":{"line":137,"column":31},"end":{"line":137,"column":32}},"loc":{"start":{"line":137,"column":37},"end":{"line":137,"column":68}},"line":137}},"branchMap":{"0":{"loc":{"start":{"line":56,"column":4},"end":{"line":65,"column":5}},"type":"if","locations":[{"start":{"line":56,"column":4},"end":{"line":65,"column":5}},{"start":{},"end":{}}],"line":56},"1":{"loc":{"start":{"line":83,"column":7},"end":{"line":87,"column":7}},"type":"binary-expr","locations":[{"start":{"line":83,"column":7},"end":{"line":83,"column":21}},{"start":{"line":84,"column":8},"end":{"line":86,"column":14}}],"line":83},"2":{"loc":{"start":{"line":89,"column":7},"end":{"line":93,"column":7}},"type":"binary-expr","locations":[{"start":{"line":89,"column":7},"end":{"line":89,"column":12}},{"start":{"line":90,"column":8},"end":{"line":92,"column":14}}],"line":89},"3":{"loc":{"start":{"line":95,"column":7},"end":{"line":104,"column":7}},"type":"binary-expr","locations":[{"start":{"line":95,"column":8},"end":{"line":95,"column":16}},{"start":{"line":95,"column":20},"end":{"line":95,"column":34}},{"start":{"line":96,"column":8},"end":{"line":103,"column":10}}],"line":95},"4":{"loc":{"start":{"line":98,"column":20},"end":{"line":98,"column":108}},"type":"cond-expr","locations":[{"start":{"line":98,"column":37},"end":{"line":98,"column":89}},{"start":{"line":98,"column":92},"end":{"line":98,"column":108}}],"line":98},"5":{"loc":{"start":{"line":106,"column":7},"end":{"line":148,"column":7}},"type":"cond-expr","locations":[{"start":{"line":107,"column":8},"end":{"line":107,"column":81}},{"start":{"line":109,"column":8},"end":{"line":147,"column":14}}],"line":106}},"s":{"0":0,"1":0,"2":0,"3":0,"4":0,"5":0,"6":0,"7":0,"8":0,"9":0,"10":0,"11":0,"12":0,"13":0,"14":0,"15":0,"16":0,"17":0,"18":0,"19":0,"20":0,"21":0,"22":0,"23":0,"24":0,"25":0,"26":0,"27":0,"28":0,"29":0,"30":0,"31":0,"32":0,"33":0,"34":0,"35":0,"36":0,"37":0,"38":0,"39":0,"40":0,"41":0,"42":0,"43":0,"44":0,"45":0,"46":0,"47":0,"48":0,"49":0,"50":0,"51":0,"52":0},"f":{"0":0,"1":0,"2":0,"3":0,"4":0,"5":0,"6":0,"7":0,"8":0,"9":0,"10":0,"11":0,"12":0,"13":0,"14":0},"b":{"0":[0,0],"1":[0,0],"2":[0,0],"3":[0,0,0],"4":[0,0],"5":[0,0]}}
,"D:\\order_management\\frontend\\src\\components\\Sidebar.js": {"path":"D:\\order_management\\frontend\\src\\components\\Sidebar.js","statementMap":{"0":{"start":{"line":3,"column":16},"end":{"line":37,"column":1}},"1":{"start":{"line":5,"column":2},"end":{"line":36,"column":4}},"2":{"start":{"line":14,"column":25},"end":{"line":14,"column":49}},"3":{"start":{"line":25,"column":25},"end":{"line":25,"column":47}}},"fnMap":{"0":{"name":"(anonymous_0)","decl":{"start":{"line":3,"column":16},"end":{"line":3,"column":17}},"loc":{"start":{"line":3,"column":49},"end":{"line":37,"column":1}},"line":3},"1":{"name":"(anonymous_1)","decl":{"start":{"line":14,"column":19},"end":{"line":14,"column":20}},"loc":{"start":{"line":14,"column":25},"end":{"line":14,"column":49}},"line":14},"2":{"name":"(anonymous_2)","decl":{"start":{"line":25,"column":19},"end":{"line":25,"column":20}},"loc":{"start":{"line":25,"column":25},"end":{"line":25,"column":47}},"line":25}},"branchMap":{"0":{"loc":{"start":{"line":16,"column":12},"end":{"line":18,"column":49}},"type":"cond-expr","locations":[{"start":{"line":17,"column":16},"end":{"line":17,"column":81}},{"start":{"line":18,"column":16},"end":{"line":18,"column":49}}],"line":16},"1":{"loc":{"start":{"line":27,"column":12},"end":{"line":29,"column":49}},"type":"cond-expr","locations":[{"start":{"line":28,"column":16},"end":{"line":28,"column":81}},{"start":{"line":29,"column":16},"end":{"line":29,"column":49}}],"line":27}},"s":{"0":1,"1":0,"2":0,"3":0},"f":{"0":0,"1":0,"2":0},"b":{"0":[0,0],"1":[0,0]},"_coverageSchema":"1a1c01bbd47fc00a2c39e90264f33305004495a9","hash":"d76b36f45dc3d96ec475bf44bc3f22d5dbffb38d"}
,"D:\\order_management\\frontend\\src\\pages\\Dashboard.js": {"path":"D:\\order_management\\frontend\\src\\pages\\Dashboard.js","statementMap":{"0":{"start":{"line":6,"column":18},"end":{"line":21,"column":1}},"1":{"start":{"line":7,"column":36},"end":{"line":7,"column":56}},"2":{"start":{"line":9,"column":2},"end":{"line":20,"column":4}}},"fnMap":{"0":{"name":"(anonymous_0)","decl":{"start":{"line":6,"column":18},"end":{"line":6,"column":19}},"loc":{"start":{"line":6,"column":24},"end":{"line":21,"column":1}},"line":6}},"branchMap":{"0":{"loc":{"start":{"line":15,"column":11},"end":{"line":15,"column":54}},"type":"binary-expr","locations":[{"start":{"line":15,"column":11},"end":{"line":15,"column":35}},{"start":{"line":15,"column":39},"end":{"line":15,"column":54}}],"line":15},"1":{"loc":{"start":{"line":16,"column":11},"end":{"line":16,"column":50}},"type":"binary-expr","locations":[{"start":{"line":16,"column":11},"end":{"line":16,"column":33}},{"start":{"line":16,"column":37},"end":{"line":16,"column":50}}],"line":16}},"s":{"0":0,"1":0,"2":0},"f":{"0":0},"b":{"0":[0,0],"1":[0,0]}}
,"D:\\order_management\\frontend\\src\\services\\api.js": {"path":"D:\\order_management\\frontend\\src\\services\\api.js","statementMap":{"0":{"start":{"line":3,"column":19},"end":{"line":3,"column":59}},"1":{"start":{"line":4,"column":25},"end":{"line":16,"column":1}},"2":{"start":{"line":5,"column":19},"end":{"line":5,"column":31}},"3":{"start":{"line":7,"column":2},"end":{"line":9,"column":3}},"4":{"start":{"line":8,"column":4},"end":{"line":8,"column":41}},"5":{"start":{"line":11,"column":2},"end":{"line":13,"column":3}},"6":{"start":{"line":12,"column":4},"end":{"line":12,"column":41}},"7":{"start":{"line":15,"column":2},"end":{"line":15,"column":20}},"8":{"start":{"line":18,"column":26},"end":{"line":18,"column":54}},"9":{"start":{"line":20,"column":12},"end":{"line":22,"column":2}},"10":{"start":{"line":25,"column":27},"end":{"line":25,"column":53}},"11":{"start":{"line":25,"column":33},"end":{"line":25,"column":53}},"12":{"start":{"line":26,"column":30},"end":{"line":26,"column":64}},"13":{"start":{"line":26,"column":38},"end":{"line":26,"column":64}},"14":{"start":{"line":27,"column":29},"end":{"line":27,"column":72}},"15":{"start":{"line":27,"column":42},"end":{"line":27,"column":72}},"16":{"start":{"line":28,"column":29},"end":{"line":28,"column":81}},"17":{"start":{"line":28,"column":46},"end":{"line":28,"column":81}},"18":{"start":{"line":29,"column":29},"end":{"line":29,"column":66}},"19":{"start":{"line":29,"column":37},"end":{"line":29,"column":66}},"20":{"start":{"line":32,"column":25},"end":{"line":32,"column":49}},"21":{"start":{"line":32,"column":31},"end":{"line":32,"column":49}},"22":{"start":{"line":33,"column":28},"end":{"line":33,"column":60}},"23":{"start":{"line":33,"column":36},"end":{"line":33,"column":60}},"24":{"start":{"line":34,"column":27},"end":{"line":34,"column":64}},"25":{"start":{"line":34,"column":38},"end":{"line":34,"column":64}},"26":{"start":{"line":35,"column":27},"end":{"line":35,"column":73}},"27":{"start":{"line":35,"column":42},"end":{"line":35,"column":73}},"28":{"start":{"line":36,"column":27},"end":{"line":36,"column":62}},"29":{"start":{"line":36,"column":35},"end":{"line":36,"column":62}}},"fnMap":{"0":{"name":"(anonymous_0)","decl":{"start":{"line":4,"column":25},"end":{"line":4,"column":26}},"loc":{"start":{"line":4,"column":36},"end":{"line":16,"column":1}},"line":4},"1":{"name":"(anonymous_1)","decl":{"start":{"line":25,"column":27},"end":{"line":25,"column":28}},"loc":{"start":{"line":25,"column":33},"end":{"line":25,"column":53}},"line":25},"2":{"name":"(anonymous_2)","decl":{"start":{"line":26,"column":30},"end":{"line":26,"column":31}},"loc":{"start":{"line":26,"column":38},"end":{"line":26,"column":64}},"line":26},"3":{"name":"(anonymous_3)","decl":{"start":{"line":27,"column":29},"end":{"line":27,"column":30}},"loc":{"start":{"line":27,"column":42},"end":{"line":27,"column":72}},"line":27},"4":{"name":"(anonymous_4)","decl":{"start":{"line":28,"column":29},"end":{"line":28,"column":30}},"loc":{"start":{"line":28,"column":46},"end":{"line":28,"column":81}},"line":28},"5":{"name":"(anonymous_5)","decl":{"start":{"line":29,"column":29},"end":{"line":29,"column":30}},"loc":{"start":{"line":29,"column":37},"end":{"line":29,"column":66}},"line":29},"6":{"name":"(anonymous_6)","decl":{"start":{"line":32,"column":25},"end":{"line":32,"column":26}},"loc":{"start":{"line":32,"column":31},"end":{"line":32,"column":49}},"line":32},"7":{"name":"(anonymous_7)","decl":{"start":{"line":33,"column":28},"end":{"line":33,"column":29}},"loc":{"start":{"line":33,"column":36},"end":{"line":33,"column":60}},"line":33},"8":{"name":"(anonymous_8)","decl":{"start":{"line":34,"column":27},"end":{"line":34,"column":28}},"loc":{"start":{"line":34,"column":38},"end":{"line":34,"column":64}},"line":34},"9":{"name":"(anonymous_9)","decl":{"start":{"line":35,"column":27},"end":{"line":35,"column":28}},"loc":{"start":{"line":35,"column":42},"end":{"line":35,"column":73}},"line":35},"10":{"name":"(anonymous_10)","decl":{"start":{"line":36,"column":27},"end":{"line":36,"column":28}},"loc":{"start":{"line":36,"column":35},"end":{"line":36,"column":62}},"line":36}},"branchMap":{"0":{"loc":{"start":{"line":3,"column":19},"end":{"line":3,"column":59}},"type":"binary-expr","locations":[{"start":{"line":3,"column":19},"end":{"line":3,"column":53}},{"start":{"line":3,"column":57},"end":{"line":3,"column":59}}],"line":3},"1":{"loc":{"start":{"line":11,"column":2},"end":{"line":13,"column":3}},"type":"if","locations":[{"start":{"line":11,"column":2},"end":{"line":13,"column":3}},{"start":{},"end":{}}],"line":11}},"s":{"0":0,"1":0,"2":0,"3":0,"4":0,"5":0,"6":0,"7":0,"8":0,"9":0,"10":0,"11":0,"12":0,"13":0,"14":0,"15":0,"16":0,"17":0,"18":0,"19":0,"20":0,"21":0,"22":0,"23":0,"24":0,"25":0,"26":0,"27":0,"28":0,"29":0},"f":{"0":0,"1":0,"2":0,"3":0,"4":0,"5":0,"6":0,"7":0,"8":0,"9":0,"10":0},"b":{"0":[0,0],"1":[0,0]}}
}
